-------------------------------------------------------------------------------
Test set: com.amz.exchange.calulator.controller.CurrencyExchangeCaculatorControllerTests
-------------------------------------------------------------------------------
Tests run: 1, Failures: 0, Errors: 1, Skipped: 0, Time elapsed: 0.007 s <<< FAILURE! - in com.amz.exchange.calulator.controller.CurrencyExchangeCaculatorControllerTests
initializationError(com.amz.exchange.calulator.controller.CurrencyExchangeCaculatorControllerTests)  Time elapsed: 0 s  <<< ERROR!
java.lang.IllegalStateException: Unable to find a @SpringBootConfiguration, you need to use @ContextConfiguration or @SpringBootTest(classes=...) with your test

